<?xml version="1.0" encoding="UTF-8"?>
<!-- Generated by org.testng.reporters.JUnitReportReporter -->
<testsuite hostname="DESKTOP-05LBSJQ" failures="0" tests="2" name="com.amazon.testcases.LoginPageTest" time="8.329" errors="0" timestamp="25 Oct 2020 16:54:37 GMT" skipped="0">
  <testcase classname="com.amazon.testcases.LoginPageTest" name="verifyAmazonLogo" time="0.680"/>
  <testcase classname="com.amazon.testcases.LoginPageTest" name="loginTest" time="7.649"/>
</testsuite> <!-- com.amazon.testcases.LoginPageTest -->
